time="2024-05-08T22:45:31+07:00" level=info msg="Hello, service Batman is running"
time="2024-05-08T22:45:31+07:00" level=info msg="Open a database connection"
time="2024-05-08T22:45:31+07:00" level=info msg="Redis client created Redis<localhost:6379 db:0>"
time="2024-05-08T22:45:31+07:00" level=info msg="Redis client status PONG, <nil>"
time="2024-05-08T22:45:31+07:00" level=info msg="Redis client status PONG"
time="2024-05-08T22:45:31+07:00" level=info msg="Successful connect to database"
time="2024-05-08T22:45:31+07:00" level=info msg="Server is starting on 0.0.0.0:8081\n"
time="2024-05-08T22:45:31+07:00" level=info msg="After ListenAndServe"
time="2024-05-08T22:45:31+07:00" level=info msg="Before Listen and Serve"
time="2024-05-08T22:51:28+07:00" level=info msg="Server is shutting down due to interrupt\n"
time="2024-05-08T22:51:28+07:00" level=fatal msg="Server was unable to gracefully shutdown due to err: context deadline exceeded"
time="2024-05-08T22:53:18+07:00" level=info msg="Hello, service Batman is running"
time="2024-05-08T22:53:18+07:00" level=info msg="Open a database connection"
time="2024-05-08T22:53:18+07:00" level=info msg="Redis client created Redis<localhost:6379 db:0>"
time="2024-05-08T22:53:18+07:00" level=info msg="Redis client status PONG, <nil>"
time="2024-05-08T22:53:18+07:00" level=info msg="Redis client status PONG"
time="2024-05-08T22:53:18+07:00" level=info msg="Successful connect to database"
time="2024-05-08T22:53:18+07:00" level=info msg="Server is starting on 0.0.0.0:8081\n"
time="2024-05-08T22:53:18+07:00" level=info msg="After ListenAndServe"
time="2024-05-08T22:53:18+07:00" level=info msg="Before Listen and Serve"
time="2024-05-08T22:54:44+07:00" level=info msg="Server is shutting down due to interrupt\n"
time="2024-05-08T22:54:44+07:00" level=fatal msg="Server was unable to gracefully shutdown due to err: context deadline exceeded"
time="2024-05-08T22:55:10+07:00" level=info msg="Hello, service Batman is running"
time="2024-05-08T22:55:10+07:00" level=info msg="Open a database connection"
time="2024-05-08T22:55:10+07:00" level=info msg="Redis client created Redis<localhost:6379 db:0>"
time="2024-05-08T22:55:10+07:00" level=info msg="Redis client status PONG, <nil>"
time="2024-05-08T22:55:10+07:00" level=info msg="Redis client status PONG"
time="2024-05-08T22:55:10+07:00" level=info msg="Successful connect to database"
time="2024-05-08T22:55:10+07:00" level=info msg="Server is starting on 0.0.0.0:8081\n"
time="2024-05-08T22:55:10+07:00" level=info msg="After ListenAndServe"
time="2024-05-08T22:55:10+07:00" level=info msg="Before Listen and Serve"
time="2024-05-08T22:55:20+07:00" level=info msg="Server is shutting down due to interrupt\n"
time="2024-05-08T22:57:36+07:00" level=info msg="Hello, service Batman is running"
time="2024-05-08T22:57:36+07:00" level=info msg="Open a database connection"
time="2024-05-08T22:57:37+07:00" level=info msg="Redis client created Redis<localhost:6379 db:0>"
time="2024-05-08T22:57:37+07:00" level=info msg="Redis client status , dial tcp [::1]:6379: connect: connection refused"
time="2024-05-08T22:57:37+07:00" level=fatal msg="Failed to ping redis: dial tcp [::1]:6379: connect: connection refused"
time="2024-05-08T22:57:44+07:00" level=info msg="Hello, service Batman is running"
time="2024-05-08T22:57:44+07:00" level=info msg="Open a database connection"
time="2024-05-08T22:57:44+07:00" level=info msg="Redis client created Redis<localhost:6379 db:0>"
time="2024-05-08T22:57:44+07:00" level=info msg="Redis client status PONG, <nil>"
time="2024-05-08T22:57:44+07:00" level=info msg="Redis client status PONG"
time="2024-05-08T22:57:44+07:00" level=info msg="Successful connect to database"
time="2024-05-08T22:57:44+07:00" level=fatal msg="Error running RabbitMQ consumer: failed to connect to RabbitMQ server: Exception (501) Reason: \"EOF\""
time="2024-05-08T22:57:52+07:00" level=info msg="Hello, service Batman is running"
time="2024-05-08T22:57:52+07:00" level=info msg="Open a database connection"
time="2024-05-08T22:57:52+07:00" level=info msg="Redis client created Redis<localhost:6379 db:0>"
time="2024-05-08T22:57:52+07:00" level=info msg="Redis client status PONG, <nil>"
time="2024-05-08T22:57:52+07:00" level=info msg="Redis client status PONG"
time="2024-05-08T22:57:52+07:00" level=info msg="Successful connect to database"
time="2024-05-08T22:57:52+07:00" level=info msg="Server is starting on 0.0.0.0:8081\n"
time="2024-05-08T22:57:52+07:00" level=info msg="After ListenAndServe"
time="2024-05-08T22:57:52+07:00" level=info msg="Before Listen and Serve"
time="2024-05-08T22:57:59+07:00" level=info msg="Server is shutting down due to interrupt\n"
time="2024-05-08T23:52:28+07:00" level=info msg="Hello, service Batman is running"
time="2024-05-08T23:52:28+07:00" level=info msg="Open a database connection"
time="2024-05-08T23:52:29+07:00" level=info msg="Redis client created Redis<localhost:6379 db:0>"
time="2024-05-08T23:52:29+07:00" level=info msg="Redis client status PONG, <nil>"
time="2024-05-08T23:52:29+07:00" level=info msg="Redis client status PONG"
time="2024-05-08T23:52:29+07:00" level=info msg="Successful connect to database"
time="2024-05-08T23:52:29+07:00" level=info msg="Server is starting on 0.0.0.0:8081\n"
time="2024-05-08T23:52:29+07:00" level=info msg="After ListenAndServe"
time="2024-05-08T23:52:29+07:00" level=info msg="Before Listen and Serve"
time="2024-05-08T23:52:33+07:00" level=info msg="Server is shutting down due to interrupt\n"
time="2024-05-08T23:52:38+07:00" level=info msg="Hello, service Batman is running"
time="2024-05-08T23:52:38+07:00" level=info msg="Open a database connection"
time="2024-05-08T23:52:39+07:00" level=info msg="Redis client created Redis<localhost:6379 db:0>"
time="2024-05-08T23:52:39+07:00" level=info msg="Redis client status PONG, <nil>"
time="2024-05-08T23:52:39+07:00" level=info msg="Redis client status PONG"
time="2024-05-08T23:52:39+07:00" level=info msg="Successful connect to database"
time="2024-05-08T23:52:39+07:00" level=info msg="Server is starting on 0.0.0.0:8081\n"
time="2024-05-08T23:52:39+07:00" level=info msg="After ListenAndServe"
time="2024-05-08T23:52:39+07:00" level=info msg="Before Listen and Serve"
time="2024-05-08T23:52:40+07:00" level=info msg="Server is shutting down due to interrupt\n"
time="2024-05-08T23:53:34+07:00" level=info msg="Hello, service Batman is running"
time="2024-05-08T23:53:34+07:00" level=info msg="Open a database connection"
time="2024-05-08T23:53:34+07:00" level=info msg="Redis client created Redis<localhost:6379 db:0>"
time="2024-05-08T23:53:34+07:00" level=info msg="Redis client status PONG, <nil>"
time="2024-05-08T23:53:34+07:00" level=info msg="Redis client status PONG"
time="2024-05-08T23:53:34+07:00" level=info msg="Successful connect to database"
time="2024-05-08T23:53:34+07:00" level=info msg="Server is starting on 0.0.0.0:8081\n"
time="2024-05-08T23:53:34+07:00" level=info msg="After ListenAndServe"
time="2024-05-08T23:53:34+07:00" level=info msg="Before Listen and Serve"
time="2024-05-08T23:53:42+07:00" level=info msg="Server is shutting down due to interrupt\n"
time="2024-05-08T23:55:20+07:00" level=info msg="Hello, service Batman is running"
time="2024-05-08T23:55:20+07:00" level=info msg="Open a database connection"
time="2024-05-08T23:55:20+07:00" level=info msg="Redis client created Redis<localhost:6379 db:0>"
time="2024-05-08T23:55:20+07:00" level=info msg="Redis client status PONG, <nil>"
time="2024-05-08T23:55:20+07:00" level=info msg="Redis client status PONG"
time="2024-05-08T23:55:20+07:00" level=info msg="Successful connect to database"
time="2024-05-08T23:55:20+07:00" level=info msg="Server is starting on 0.0.0.0:8081\n"
time="2024-05-08T23:55:20+07:00" level=info msg="After ListenAndServe"
time="2024-05-08T23:55:20+07:00" level=info msg="Before Listen and Serve"
time="2024-05-08T23:55:48+07:00" level=info msg="Server is shutting down due to interrupt\n"
